<?xml version="1.0" encoding="UTF-8"?>
<!-- Generated by org.testng.reporters.JUnitReportReporter -->
<testsuite hostname="LTIN215913" failures="0" tests="4" name="test_Cases.TS_1" time="16.376" errors="0" timestamp="2024-03-26T11:25:20 IST" skipped="0">
  <testcase classname="test_Cases.TS_1" name="Handle_Popup" time="6.489"/>
  <testcase classname="test_Cases.TS_1" name="Price_Setting" time="3.178"/>
  <testcase classname="test_Cases.TS_1" name="Storage_Stock" time="1.141"/>
  <testcase classname="test_Cases.TS_1" name="BookShelve" time="5.568"/>
</testsuite> <!-- test_Cases.TS_1 -->
