<?xml version="1.0" encoding="UTF-8"?>
<!-- Generated by org.testng.reporters.JUnitReportReporter -->
<testsuite hostname="LTIN215913" failures="0" tests="6" name="test_Cases.TS_3" time="23.508" errors="0" timestamp="2024-03-26T11:25:20 IST" skipped="0">
  <testcase classname="test_Cases.TS_3" name="click_gift_card" time="15.765"/>
  <testcase classname="test_Cases.TS_3" name="click_bNa" time="0.463"/>
  <testcase classname="test_Cases.TS_3" name="gift_info" time="4.397"/>
  <testcase classname="test_Cases.TS_3" name="recipient_info" time="1.461"/>
  <testcase classname="test_Cases.TS_3" name="senders_info" time="1.372"/>
  <testcase classname="test_Cases.TS_3" name="error_info" time="0.050"/>
</testsuite> <!-- test_Cases.TS_3 -->
