<?xml version="1.0" encoding="UTF-8"?>
<!-- Generated by org.testng.reporters.JUnitReportReporter -->
<testsuite hostname="LTIN215913" failures="0" tests="5" name="test_Cases.TS_Login" time="30.384" errors="0" timestamp="2024-03-26T11:25:19 IST" skipped="0">
  <testcase classname="test_Cases.TS_Login" name="LoginClick" time="5.135"/>
  <testcase classname="test_Cases.TS_Login" name="InvalidLogin" time="5.854"/>
  <testcase classname="test_Cases.TS_Login" name="Error_Navigate" time="7.092"/>
  <testcase classname="test_Cases.TS_Login" name="LoginClickNew" time="2.707"/>
  <testcase classname="test_Cases.TS_Login" name="ValidLogin" time="9.596"/>
</testsuite> <!-- test_Cases.TS_Login -->
