<?xml version="1.0" encoding="UTF-8"?>
<!-- Generated by org.testng.reporters.JUnitReportReporter -->
<testsuite hostname="LTIN215913" failures="0" tests="6" name="test_Cases.TS_3" time="11.663" errors="0" timestamp="2024-03-24T21:37:47 IST" skipped="0">
  <testcase classname="test_Cases.TS_3" name="click_gift_card" time="6.016"/>
  <testcase classname="test_Cases.TS_3" name="click_bNa" time="0.161"/>
  <testcase classname="test_Cases.TS_3" name="gift_info" time="3.344"/>
  <testcase classname="test_Cases.TS_3" name="recipient_info" time="0.737"/>
  <testcase classname="test_Cases.TS_3" name="senders_info" time="1.362"/>
  <testcase classname="test_Cases.TS_3" name="error_info" time="0.043"/>
</testsuite> <!-- test_Cases.TS_3 -->
