<?xml version="1.0" encoding="UTF-8"?>
<!-- Generated by org.testng.reporters.JUnitReportReporter -->
<testsuite hostname="LTIN215913" failures="0" tests="6" name="test_Cases.TS_2" time="12.757" errors="0" timestamp="2024-03-24T21:37:47 IST" skipped="0">
  <testcase classname="test_Cases.TS_2" name="Popup_Handling" time="5.804"/>
  <testcase classname="test_Cases.TS_2" name="hover_price" time="2.805"/>
  <testcase classname="test_Cases.TS_2" name="Storage_Stock" time="0.759"/>
  <testcase classname="test_Cases.TS_2" name="select_Home_dkr" time="0.947"/>
  <testcase classname="test_Cases.TS_2" name="Print_Book2" time="0.501"/>
  <testcase classname="test_Cases.TS_2" name="print_collection" time="1.941"/>
</testsuite> <!-- test_Cases.TS_2 -->
