<?xml version="1.0" encoding="UTF-8"?>
<!-- Generated by org.testng.reporters.JUnitReportReporter -->
<testsuite hostname="LTIN215913" failures="0" tests="4" name="test_Cases.TS_1" time="12.870" errors="0" timestamp="2024-03-24T21:37:47 IST" skipped="0">
  <testcase classname="test_Cases.TS_1" name="Handle_Popup" time="5.784"/>
  <testcase classname="test_Cases.TS_1" name="Price_Setting" time="2.839"/>
  <testcase classname="test_Cases.TS_1" name="Storage_Stock" time="0.994"/>
  <testcase classname="test_Cases.TS_1" name="BookShelve" time="3.253"/>
</testsuite> <!-- test_Cases.TS_1 -->
