<?xml version="1.0" encoding="UTF-8"?>
<!-- Generated by org.testng.reporters.JUnitReportReporter -->
<testsuite hostname="LTIN215913" failures="0" tests="5" name="test_Cases.TS_Login" time="15.608" errors="0" timestamp="2024-03-24T21:37:47 IST" skipped="0">
  <testcase classname="test_Cases.TS_Login" name="LoginClick" time="2.847"/>
  <testcase classname="test_Cases.TS_Login" name="InvalidLogin" time="3.517"/>
  <testcase classname="test_Cases.TS_Login" name="Error_Navigate" time="2.928"/>
  <testcase classname="test_Cases.TS_Login" name="LoginClickNew" time="2.723"/>
  <testcase classname="test_Cases.TS_Login" name="ValidLogin" time="3.593"/>
</testsuite> <!-- test_Cases.TS_Login -->
